<?xml version="1.0" encoding="UTF-8"?>
<testng-results skipped="0" failed="0" total="1" passed="1">
  <reporter-output>
  </reporter-output>
  <suite name="Default suite" duration-ms="60348" started-at="2017-01-08T01:53:43Z" finished-at="2017-01-08T01:54:44Z">
    <groups>
    </groups>
    <test name="Default test" duration-ms="60348" started-at="2017-01-08T01:53:43Z" finished-at="2017-01-08T01:54:44Z">
      <class name="Tescases.VerifyHomePage">
        <test-method status="PASS" signature="SetUp()[pri:0, instance:Tescases.VerifyHomePage@3bfdc050]" name="SetUp" is-config="true" duration-ms="17" started-at="2017-01-07T20:53:43Z" finished-at="2017-01-07T20:53:43Z">
          <reporter-output>
          </reporter-output>
        </test-method> <!-- SetUp -->
        <test-method status="PASS" signature="HomepageTest()[pri:0, instance:Tescases.VerifyHomePage@3bfdc050]" name="HomepageTest" duration-ms="57630" started-at="2017-01-07T20:53:43Z" finished-at="2017-01-07T20:54:41Z">
          <reporter-output>
          </reporter-output>
        </test-method> <!-- HomepageTest -->
        <test-method status="PASS" signature="tearDown()[pri:0, instance:Tescases.VerifyHomePage@3bfdc050]" name="tearDown" is-config="true" duration-ms="2605" started-at="2017-01-07T20:54:41Z" finished-at="2017-01-07T20:54:44Z">
          <reporter-output>
          </reporter-output>
        </test-method> <!-- tearDown -->
      </class> <!-- Tescases.VerifyHomePage -->
    </test> <!-- Default test -->
  </suite> <!-- Default suite -->
</testng-results>
